Using pre-set license
Built from '2020.3/release' branch; Version is '2020.3.27f1 (e759542391ea) revision 15161684'; Using compiler version '192528614'; Build Type 'Release'
OS: 'Windows 10  (10.0.19043) 64bit Professional' Language: 'es' Physical Memory: 32677 MB
BatchMode: 1, IsHumanControllingUs: 0, StartBugReporterOnCrash: 0, Is64bit: 1, IsPro: 0

COMMAND LINE ARGUMENTS:
C:\Program Files\Unity\Hub\Editor\2020.3.27f1\Editor\Unity.exe
-adb2
-batchMode
-noUpm
-name
AssetImportWorker0
-projectPath
F:/Unity/PriaUnidad5Actividad1
-logFile
Logs/AssetImportWorker0.log
-srvPort
54360
Successfully changed project path to: F:/Unity/PriaUnidad5Actividad1
F:/Unity/PriaUnidad5Actividad1
Using Asset Import Pipeline V2.
Refreshing native plugins compatible for Editor in 40.72 ms, found 3 plugins.
Preloading 0 native plugins for Editor in 0.00 ms.
Initialize engine version: 2020.3.27f1 (e759542391ea)
[Subsystems] Discovering subsystems at path C:/Program Files/Unity/Hub/Editor/2020.3.27f1/Editor/Data/Resources/UnitySubsystems
[Subsystems] Discovering subsystems at path F:/Unity/PriaUnidad5Actividad1/Assets
GfxDevice: creating device client; threaded=0
Direct3D:
    Version:  Direct3D 11.0 [level 11.1]
    Renderer: NVIDIA GeForce RTX 2060 (ID=0x1f08)
    Vendor:   
    VRAM:     5980 MB
    Driver:   30.0.15.1179
Initialize mono
Mono path[0] = 'C:/Program Files/Unity/Hub/Editor/2020.3.27f1/Editor/Data/Managed'
Mono path[1] = 'C:/Program Files/Unity/Hub/Editor/2020.3.27f1/Editor/Data/MonoBleedingEdge/lib/mono/unityjit'
Mono config path = 'C:/Program Files/Unity/Hub/Editor/2020.3.27f1/Editor/Data/MonoBleedingEdge/etc'
Using monoOptions --debugger-agent=transport=dt_socket,embedding=1,server=y,suspend=n,address=127.0.0.1:56540
Begin MonoManager ReloadAssembly
Registering precompiled unity dll's ...
Register platform support module: C:/Program Files/Unity/Hub/Editor/2020.3.27f1/Editor/Data/PlaybackEngines/WebGLSupport/UnityEditor.WebGL.Extensions.dll
Register platform support module: C:/Program Files/Unity/Hub/Editor/2020.3.27f1/Editor/Data/PlaybackEngines/WindowsStandaloneSupport/UnityEditor.WindowsStandalone.Extensions.dll
Registered in 0.002267 seconds.
Native extension for WindowsStandalone target not found
Native extension for WebGL target not found
Refreshing native plugins compatible for Editor in 41.55 ms, found 3 plugins.
Preloading 0 native plugins for Editor in 0.00 ms.
Mono: successfully reloaded assembly
- Completed reload, in  0.473 seconds
Domain Reload Profiling:
	ReloadAssembly (473ms)
		BeginReloadAssembly (51ms)
			ExecutionOrderSort (0ms)
			DisableScriptedObjects (0ms)
			BackupInstance (0ms)
			ReleaseScriptingObjects (0ms)
			CreateAndSetChildDomain (1ms)
		EndReloadAssembly (361ms)
			LoadAssemblies (50ms)
			RebuildTransferFunctionScriptingTraits (0ms)
			SetupTypeCache (116ms)
			ReleaseScriptCaches (0ms)
			RebuildScriptCaches (23ms)
			SetupLoadedEditorAssemblies (142ms)
				LogAssemblyErrors (0ms)
				InitializePlatformSupportModulesInManaged (4ms)
				SetLoadedEditorAssemblies (0ms)
				RefreshPlugins (42ms)
				BeforeProcessingInitializeOnLoad (11ms)
				ProcessInitializeOnLoadAttributes (64ms)
				ProcessInitializeOnLoadMethodAttributes (21ms)
				AfterProcessingInitializeOnLoad (0ms)
				EditorAssembliesLoaded (0ms)
			ExecutionOrderSort2 (0ms)
			AwakeInstancesAfterBackupRestoration (0ms)
Platform modules already initialized, skipping
Registering precompiled user dll's ...
Registered in 0.003469 seconds.
Begin MonoManager ReloadAssembly
Native extension for WindowsStandalone target not found
Native extension for WebGL target not found
Refreshing native plugins compatible for Editor in 40.74 ms, found 3 plugins.
Preloading 0 native plugins for Editor in 0.00 ms.
Mono: successfully reloaded assembly
- Completed reload, in  0.895 seconds
Domain Reload Profiling:
	ReloadAssembly (896ms)
		BeginReloadAssembly (122ms)
			ExecutionOrderSort (0ms)
			DisableScriptedObjects (4ms)
			BackupInstance (0ms)
			ReleaseScriptingObjects (0ms)
			CreateAndSetChildDomain (15ms)
		EndReloadAssembly (724ms)
			LoadAssemblies (83ms)
			RebuildTransferFunctionScriptingTraits (0ms)
			SetupTypeCache (237ms)
			ReleaseScriptCaches (0ms)
			RebuildScriptCaches (38ms)
			SetupLoadedEditorAssemblies (277ms)
				LogAssemblyErrors (0ms)
				InitializePlatformSupportModulesInManaged (3ms)
				SetLoadedEditorAssemblies (0ms)
				RefreshPlugins (41ms)
				BeforeProcessingInitializeOnLoad (63ms)
				ProcessInitializeOnLoadAttributes (152ms)
				ProcessInitializeOnLoadMethodAttributes (12ms)
				AfterProcessingInitializeOnLoad (5ms)
				EditorAssembliesLoaded (0ms)
			ExecutionOrderSort2 (0ms)
			AwakeInstancesAfterBackupRestoration (6ms)
Platform modules already initialized, skipping
========================================================================
Worker process is ready to serve import requests
Launched and connected shader compiler UnityShaderCompiler.exe after 0.09 seconds
Refreshing native plugins compatible for Editor in 0.71 ms, found 3 plugins.
Preloading 0 native plugins for Editor in 0.00 ms.
Unloading 2198 Unused Serialized files (Serialized files now loaded: 0)
System memory in use before: 96.0 MB.
System memory in use after: 96.0 MB.

Unloading 34 unused Assets to reduce memory usage. Loaded Objects now: 2625.
Total: 2.660200 ms (FindLiveObjects: 0.166000 ms CreateObjectMapping: 0.046100 ms MarkObjects: 2.334600 ms  DeleteObjects: 0.112800 ms)

AssetImportParameters requested are different than current active one (requested -> active):
  custom:framework-win-MediaFoundation: 216162199b28c13a410421893ffa2e32 -> 
  custom:video-decoder-ogg-theora: a1e56fd34408186e4bbccfd4996cb3dc -> 
  custom:container-muxer-webm: aa71ff27fc2769a1b78a27578f13a17b -> 
  custom:container-demuxer-webm: 4f35f7cbe854078d1ac9338744f61a02 -> 
  custom:container-demuxer-ogg: 62fdf1f143b41e24485cea50d1cbac27 -> 
  custom:video-encoder-webm-vp8: eb34c28f22e8b96e1ab97ce403110664 -> 
  custom:video-decoder-webm-vp8: 9c59270c3fd7afecdb556c50c9e8de78 -> 
  custom:audio-decoder-ogg-vorbis: bf7c407c2cedff20999df2af8eb42d56 -> 
  custom:audio-encoder-webm-vorbis: bf7c407c2cedff20999df2af8eb42d56 -> 
========================================================================
Received Import Request.
  path: Assets/Scenes/Circuito.unity
  artifactKey: Guid(0a89d912c1a729c44aa3413d8ac69017) Importer(815301076,1909f56bfc062723c751e8b465ee728b)
Start importing Assets/Scenes/Circuito.unity using Guid(0a89d912c1a729c44aa3413d8ac69017) Importer(815301076,1909f56bfc062723c751e8b465ee728b)  -> (artifact id: 'e6f6e4bec2661ef065bac53eadd25cbf') in 0.015445 seconds 
  Import took 0.018700 seconds .

========================================================================
Received Import Request.
  Time since last request: 11.568732 seconds.
  path: Assets/Coches/Spritesheets/spritesheet_characters.png
  artifactKey: Guid(d9b2ae5e44264b246a1d2615c16b2319) Importer(815301076,1909f56bfc062723c751e8b465ee728b)
Start importing Assets/Coches/Spritesheets/spritesheet_characters.png using Guid(d9b2ae5e44264b246a1d2615c16b2319) Importer(815301076,1909f56bfc062723c751e8b465ee728b)  -> (artifact id: '9f4b10c6fbd163773c855fcfff4d0da5') in 0.076266 seconds 
  Import took 0.079407 seconds .

========================================================================
Received Import Request.
  Time since last request: 0.000135 seconds.
  path: Assets/Coches/Spritesheets/spritesheet_vehicles.png
  artifactKey: Guid(f5b533e496b97f742a4b390d73115cb9) Importer(815301076,1909f56bfc062723c751e8b465ee728b)
Start importing Assets/Coches/Spritesheets/spritesheet_vehicles.png using Guid(f5b533e496b97f742a4b390d73115cb9) Importer(815301076,1909f56bfc062723c751e8b465ee728b)  -> (artifact id: '52821630194aa753ec9b0ffaf67ed667') in 0.019386 seconds 
  Import took 0.022131 seconds .

========================================================================
Received Import Request.
  Time since last request: 0.000141 seconds.
  path: Assets/Coches/Spritesheets/spritesheet_objects.png
  artifactKey: Guid(278dcbbcc0b26514ba71cdc41716465c) Importer(815301076,1909f56bfc062723c751e8b465ee728b)
Start importing Assets/Coches/Spritesheets/spritesheet_objects.png using Guid(278dcbbcc0b26514ba71cdc41716465c) Importer(815301076,1909f56bfc062723c751e8b465ee728b)  -> (artifact id: 'dc9512c2e3e50f6b33f8b46a12fe74e8') in 0.021877 seconds 
  Import took 0.024451 seconds .

========================================================================
Received Import Request.
  Time since last request: 0.000166 seconds.
  path: Assets/Coches/Spritesheets/spritesheet_tiles.png
  artifactKey: Guid(34cbf042044b5f447abc444d406c3bb9) Importer(815301076,1909f56bfc062723c751e8b465ee728b)
Start importing Assets/Coches/Spritesheets/spritesheet_tiles.png using Guid(34cbf042044b5f447abc444d406c3bb9) Importer(815301076,1909f56bfc062723c751e8b465ee728b)  -> (artifact id: '58640f2ca297e691bae77e92592619fb') in 0.019619 seconds 
  Import took 0.022588 seconds .

========================================================================
Received Import Request.
  Time since last request: 2.233922 seconds.
  path: Assets/Coches/Vector
  artifactKey: Guid(a90a013387a03fd479b0cef8d2b1d664) Importer(815301076,1909f56bfc062723c751e8b465ee728b)
Start importing Assets/Coches/Vector using Guid(a90a013387a03fd479b0cef8d2b1d664) Importer(815301076,1909f56bfc062723c751e8b465ee728b)  -> (artifact id: '9d42f5f3074407402fdb9229c05a6f09') in 0.005267 seconds 
  Import took 0.008398 seconds .

========================================================================
Received Import Request.
  Time since last request: 43.565320 seconds.
  path: Assets/Scenes/Circuito.unity
  artifactKey: Guid(0a89d912c1a729c44aa3413d8ac69017) Importer(815301076,1909f56bfc062723c751e8b465ee728b)
Start importing Assets/Scenes/Circuito.unity using Guid(0a89d912c1a729c44aa3413d8ac69017) Importer(815301076,1909f56bfc062723c751e8b465ee728b)  -> (artifact id: 'dd741d382a7c4da2ae75c729e50c460f') in 0.001780 seconds 
  Import took 0.004653 seconds .

AssetImportWorkerClient::OnTransportError - code=2 error=End of file
